running egg_info
writing ../../build/ros2yolo/ros2yolo.egg-info/PKG-INFO
writing dependency_links to ../../build/ros2yolo/ros2yolo.egg-info/dependency_links.txt
writing entry points to ../../build/ros2yolo/ros2yolo.egg-info/entry_points.txt
writing requirements to ../../build/ros2yolo/ros2yolo.egg-info/requires.txt
writing top-level names to ../../build/ros2yolo/ros2yolo.egg-info/top_level.txt
reading manifest file '../../build/ros2yolo/ros2yolo.egg-info/SOURCES.txt'
writing manifest file '../../build/ros2yolo/ros2yolo.egg-info/SOURCES.txt'
running build
running build_py
copying ros2yolo/ros2yolo.py -> /home/gavin/botani/build/ros2yolo/build/lib/ros2yolo
running install
running install_lib
copying /home/gavin/botani/build/ros2yolo/build/lib/ros2yolo/ros2yolo.py -> /home/gavin/botani/install/ros2yolo/lib/python3.10/site-packages/ros2yolo
byte-compiling /home/gavin/botani/install/ros2yolo/lib/python3.10/site-packages/ros2yolo/ros2yolo.py to ros2yolo.cpython-310.pyc
running install_data
running install_egg_info
removing '/home/gavin/botani/install/ros2yolo/lib/python3.10/site-packages/ros2yolo-0.0.0-py3.10.egg-info' (and everything under it)
Copying ../../build/ros2yolo/ros2yolo.egg-info to /home/gavin/botani/install/ros2yolo/lib/python3.10/site-packages/ros2yolo-0.0.0-py3.10.egg-info
running install_scripts
Installing ros2yolo script to /home/gavin/botani/install/ros2yolo/lib/ros2yolo
writing list of installed files to '/home/gavin/botani/build/ros2yolo/install.log'
