running egg_info
creating ../../build/ros2arduino/ros2arduino.egg-info
writing ../../build/ros2arduino/ros2arduino.egg-info/PKG-INFO
writing dependency_links to ../../build/ros2arduino/ros2arduino.egg-info/dependency_links.txt
writing entry points to ../../build/ros2arduino/ros2arduino.egg-info/entry_points.txt
writing requirements to ../../build/ros2arduino/ros2arduino.egg-info/requires.txt
writing top-level names to ../../build/ros2arduino/ros2arduino.egg-info/top_level.txt
writing manifest file '../../build/ros2arduino/ros2arduino.egg-info/SOURCES.txt'
reading manifest file '../../build/ros2arduino/ros2arduino.egg-info/SOURCES.txt'
writing manifest file '../../build/ros2arduino/ros2arduino.egg-info/SOURCES.txt'
running build
running build_py
creating /home/gavin/botani/build/ros2arduino/build
creating /home/gavin/botani/build/ros2arduino/build/lib
creating /home/gavin/botani/build/ros2arduino/build/lib/ros2arduino
copying ros2arduino/ros2arduino.py -> /home/gavin/botani/build/ros2arduino/build/lib/ros2arduino
copying ros2arduino/__init__.py -> /home/gavin/botani/build/ros2arduino/build/lib/ros2arduino
running install
running install_lib
creating /home/gavin/botani/install/ros2arduino/lib/python3.10/site-packages/ros2arduino
copying /home/gavin/botani/build/ros2arduino/build/lib/ros2arduino/ros2arduino.py -> /home/gavin/botani/install/ros2arduino/lib/python3.10/site-packages/ros2arduino
copying /home/gavin/botani/build/ros2arduino/build/lib/ros2arduino/__init__.py -> /home/gavin/botani/install/ros2arduino/lib/python3.10/site-packages/ros2arduino
byte-compiling /home/gavin/botani/install/ros2arduino/lib/python3.10/site-packages/ros2arduino/ros2arduino.py to ros2arduino.cpython-310.pyc
byte-compiling /home/gavin/botani/install/ros2arduino/lib/python3.10/site-packages/ros2arduino/__init__.py to __init__.cpython-310.pyc
running install_data
creating /home/gavin/botani/install/ros2arduino/share/ament_index
creating /home/gavin/botani/install/ros2arduino/share/ament_index/resource_index
creating /home/gavin/botani/install/ros2arduino/share/ament_index/resource_index/packages
copying resource/ros2arduino -> /home/gavin/botani/install/ros2arduino/share/ament_index/resource_index/packages
copying package.xml -> /home/gavin/botani/install/ros2arduino/share/ros2arduino
running install_egg_info
Copying ../../build/ros2arduino/ros2arduino.egg-info to /home/gavin/botani/install/ros2arduino/lib/python3.10/site-packages/ros2arduino-0.0.0-py3.10.egg-info
running install_scripts
writing list of installed files to '/home/gavin/botani/build/ros2arduino/install.log'
