[0.149s] DEBUG:colcon:Command line arguments: ['/usr/bin/colcon', 'build']
[0.149s] DEBUG:colcon:Parsed command line arguments: Namespace(log_base=None, log_level=None, verb_name='build', build_base='build', install_base='install', merge_install=False, symlink_install=False, test_result_base=None, continue_on_error=False, executor='parallel', parallel_workers=8, event_handlers=None, ignore_user_meta=False, metas=['./colcon.meta'], base_paths=['.'], packages_ignore=None, packages_ignore_regex=None, paths=None, packages_up_to=None, packages_up_to_regex=None, packages_above=None, packages_above_and_dependencies=None, packages_above_depth=None, packages_select_by_dep=None, packages_skip_by_dep=None, packages_skip_up_to=None, packages_select_build_failed=False, packages_skip_build_finished=False, packages_select_test_failures=False, packages_skip_test_passed=False, packages_select=None, packages_skip=None, packages_select_regex=None, packages_skip_regex=None, packages_start=None, packages_end=None, allow_overriding=[], cmake_args=None, cmake_target=None, cmake_target_skip_unavailable=False, cmake_clean_cache=False, cmake_clean_first=False, cmake_force_configure=False, ament_cmake_args=None, catkin_cmake_args=None, catkin_skip_building_tests=False, mixin_files=None, mixin=None, verb_parser=<colcon_mixin.mixin.mixin_argument.MixinArgumentDecorator object at 0x7f157da977c0>, verb_extension=<colcon_core.verb.build.BuildVerb object at 0x7f157da96e00>, main=<bound method BuildVerb.main of <colcon_core.verb.build.BuildVerb object at 0x7f157da96e00>>, mixin_verb=('build',))
[0.389s] Level 1:colcon.colcon_core.package_discovery:discover_packages(colcon_meta) check parameters
[0.389s] Level 1:colcon.colcon_core.package_discovery:discover_packages(recursive) check parameters
[0.389s] Level 1:colcon.colcon_core.package_discovery:discover_packages(ignore) check parameters
[0.389s] Level 1:colcon.colcon_core.package_discovery:discover_packages(path) check parameters
[0.389s] Level 1:colcon.colcon_core.package_discovery:discover_packages(colcon_meta) discover
[0.389s] Level 1:colcon.colcon_core.package_discovery:discover_packages(recursive) discover
[0.389s] INFO:colcon.colcon_core.package_discovery:Crawling recursively for packages in '/home/gavin/botani'
[0.389s] Level 1:colcon.colcon_core.package_identification:_identify(.) by extensions ['ignore', 'ignore_ament_install']
[0.389s] Level 1:colcon.colcon_core.package_identification:_identify(.) by extension 'ignore'
[0.389s] Level 1:colcon.colcon_core.package_identification:_identify(.) by extension 'ignore_ament_install'
[0.390s] Level 1:colcon.colcon_core.package_identification:_identify(.) by extensions ['colcon_pkg']
[0.390s] Level 1:colcon.colcon_core.package_identification:_identify(.) by extension 'colcon_pkg'
[0.390s] Level 1:colcon.colcon_core.package_identification:_identify(.) by extensions ['colcon_meta']
[0.390s] Level 1:colcon.colcon_core.package_identification:_identify(.) by extension 'colcon_meta'
[0.390s] Level 1:colcon.colcon_core.package_identification:_identify(.) by extensions ['ros']
[0.390s] Level 1:colcon.colcon_core.package_identification:_identify(.) by extension 'ros'
[0.415s] Level 1:colcon.colcon_core.package_identification:_identify(.) by extensions ['cmake', 'python']
[0.415s] Level 1:colcon.colcon_core.package_identification:_identify(.) by extension 'cmake'
[0.415s] Level 1:colcon.colcon_core.package_identification:_identify(.) by extension 'python'
[0.415s] Level 1:colcon.colcon_core.package_identification:_identify(.) by extensions ['python_setup_py']
[0.415s] Level 1:colcon.colcon_core.package_identification:_identify(.) by extension 'python_setup_py'
[0.415s] Level 1:colcon.colcon_core.package_identification:_identify(build) by extensions ['ignore', 'ignore_ament_install']
[0.416s] Level 1:colcon.colcon_core.package_identification:_identify(build) by extension 'ignore'
[0.416s] Level 1:colcon.colcon_core.package_identification:_identify(build) ignored
[0.416s] Level 1:colcon.colcon_core.package_identification:_identify(install) by extensions ['ignore', 'ignore_ament_install']
[0.416s] Level 1:colcon.colcon_core.package_identification:_identify(install) by extension 'ignore'
[0.416s] Level 1:colcon.colcon_core.package_identification:_identify(install) ignored
[0.416s] Level 1:colcon.colcon_core.package_identification:_identify(log) by extensions ['ignore', 'ignore_ament_install']
[0.416s] Level 1:colcon.colcon_core.package_identification:_identify(log) by extension 'ignore'
[0.416s] Level 1:colcon.colcon_core.package_identification:_identify(log) ignored
[0.416s] Level 1:colcon.colcon_core.package_identification:_identify(src) by extensions ['ignore', 'ignore_ament_install']
[0.416s] Level 1:colcon.colcon_core.package_identification:_identify(src) by extension 'ignore'
[0.416s] Level 1:colcon.colcon_core.package_identification:_identify(src) by extension 'ignore_ament_install'
[0.416s] Level 1:colcon.colcon_core.package_identification:_identify(src) by extensions ['colcon_pkg']
[0.416s] Level 1:colcon.colcon_core.package_identification:_identify(src) by extension 'colcon_pkg'
[0.417s] Level 1:colcon.colcon_core.package_identification:_identify(src) by extensions ['colcon_meta']
[0.417s] Level 1:colcon.colcon_core.package_identification:_identify(src) by extension 'colcon_meta'
[0.417s] Level 1:colcon.colcon_core.package_identification:_identify(src) by extensions ['ros']
[0.417s] Level 1:colcon.colcon_core.package_identification:_identify(src) by extension 'ros'
[0.417s] Level 1:colcon.colcon_core.package_identification:_identify(src) by extensions ['cmake', 'python']
[0.417s] Level 1:colcon.colcon_core.package_identification:_identify(src) by extension 'cmake'
[0.417s] Level 1:colcon.colcon_core.package_identification:_identify(src) by extension 'python'
[0.417s] Level 1:colcon.colcon_core.package_identification:_identify(src) by extensions ['python_setup_py']
[0.417s] Level 1:colcon.colcon_core.package_identification:_identify(src) by extension 'python_setup_py'
[0.417s] Level 1:colcon.colcon_core.package_identification:_identify(src/awc_interfaces) by extensions ['ignore', 'ignore_ament_install']
[0.417s] Level 1:colcon.colcon_core.package_identification:_identify(src/awc_interfaces) by extension 'ignore'
[0.417s] Level 1:colcon.colcon_core.package_identification:_identify(src/awc_interfaces) by extension 'ignore_ament_install'
[0.417s] Level 1:colcon.colcon_core.package_identification:_identify(src/awc_interfaces) by extensions ['colcon_pkg']
[0.417s] Level 1:colcon.colcon_core.package_identification:_identify(src/awc_interfaces) by extension 'colcon_pkg'
[0.417s] Level 1:colcon.colcon_core.package_identification:_identify(src/awc_interfaces) by extensions ['colcon_meta']
[0.417s] Level 1:colcon.colcon_core.package_identification:_identify(src/awc_interfaces) by extension 'colcon_meta'
[0.417s] Level 1:colcon.colcon_core.package_identification:_identify(src/awc_interfaces) by extensions ['ros']
[0.417s] Level 1:colcon.colcon_core.package_identification:_identify(src/awc_interfaces) by extension 'ros'
[0.420s] DEBUG:colcon.colcon_core.package_identification:Package 'src/awc_interfaces' with type 'ros.ament_cmake' and name 'awc_interfaces'
[0.421s] Level 1:colcon.colcon_core.package_identification:_identify(src/ros2arduino) by extensions ['ignore', 'ignore_ament_install']
[0.421s] Level 1:colcon.colcon_core.package_identification:_identify(src/ros2arduino) by extension 'ignore'
[0.421s] Level 1:colcon.colcon_core.package_identification:_identify(src/ros2arduino) by extension 'ignore_ament_install'
[0.421s] Level 1:colcon.colcon_core.package_identification:_identify(src/ros2arduino) by extensions ['colcon_pkg']
[0.421s] Level 1:colcon.colcon_core.package_identification:_identify(src/ros2arduino) by extension 'colcon_pkg'
[0.421s] Level 1:colcon.colcon_core.package_identification:_identify(src/ros2arduino) by extensions ['colcon_meta']
[0.421s] Level 1:colcon.colcon_core.package_identification:_identify(src/ros2arduino) by extension 'colcon_meta'
[0.421s] Level 1:colcon.colcon_core.package_identification:_identify(src/ros2arduino) by extensions ['ros']
[0.421s] Level 1:colcon.colcon_core.package_identification:_identify(src/ros2arduino) by extension 'ros'
[0.422s] DEBUG:colcon.colcon_core.package_identification:Package 'src/ros2arduino' with type 'ros.ament_python' and name 'ros2arduino'
[0.422s] Level 1:colcon.colcon_core.package_identification:_identify(src/ros2yolo) by extensions ['ignore', 'ignore_ament_install']
[0.422s] Level 1:colcon.colcon_core.package_identification:_identify(src/ros2yolo) by extension 'ignore'
[0.422s] Level 1:colcon.colcon_core.package_identification:_identify(src/ros2yolo) by extension 'ignore_ament_install'
[0.422s] Level 1:colcon.colcon_core.package_identification:_identify(src/ros2yolo) by extensions ['colcon_pkg']
[0.422s] Level 1:colcon.colcon_core.package_identification:_identify(src/ros2yolo) by extension 'colcon_pkg'
[0.422s] Level 1:colcon.colcon_core.package_identification:_identify(src/ros2yolo) by extensions ['colcon_meta']
[0.422s] Level 1:colcon.colcon_core.package_identification:_identify(src/ros2yolo) by extension 'colcon_meta'
[0.422s] Level 1:colcon.colcon_core.package_identification:_identify(src/ros2yolo) by extensions ['ros']
[0.422s] Level 1:colcon.colcon_core.package_identification:_identify(src/ros2yolo) by extension 'ros'
[0.423s] DEBUG:colcon.colcon_core.package_identification:Package 'src/ros2yolo' with type 'ros.ament_python' and name 'ros2yolo'
[0.423s] Level 1:colcon.colcon_core.package_discovery:discover_packages(recursive) using defaults
[0.423s] Level 1:colcon.colcon_core.package_discovery:discover_packages(ignore) discover
[0.423s] Level 1:colcon.colcon_core.package_discovery:discover_packages(ignore) using defaults
[0.423s] Level 1:colcon.colcon_core.package_discovery:discover_packages(path) discover
[0.423s] Level 1:colcon.colcon_core.package_discovery:discover_packages(path) using defaults
[0.451s] Level 1:colcon.colcon_core.package_discovery:discover_packages(prefix_path) check parameters
[0.451s] Level 1:colcon.colcon_core.package_discovery:discover_packages(prefix_path) discover
[0.458s] DEBUG:colcon.colcon_installed_package_information.package_discovery:Found 3 installed packages in /home/gavin/botani/install
[0.459s] DEBUG:colcon.colcon_installed_package_information.package_discovery:Found 4 installed packages in /home/gavin/minimec/install
[0.459s] DEBUG:colcon.colcon_installed_package_information.package_discovery:Found 4 installed packages in /home/gavin/minimec/src/install
[0.464s] DEBUG:colcon.colcon_installed_package_information.package_discovery:Found 132 installed packages in /home/gavin/install
[0.468s] DEBUG:colcon.colcon_installed_package_information.package_discovery:Found 422 installed packages in /opt/ros/humble
[0.474s] Level 1:colcon.colcon_core.package_discovery:discover_packages(prefix_path) using defaults
[0.543s] Level 5:colcon.colcon_core.verb:set package 'awc_interfaces' build argument 'cmake_args' from command line to 'None'
[0.543s] Level 5:colcon.colcon_core.verb:set package 'awc_interfaces' build argument 'cmake_target' from command line to 'None'
[0.543s] Level 5:colcon.colcon_core.verb:set package 'awc_interfaces' build argument 'cmake_target_skip_unavailable' from command line to 'False'
[0.543s] Level 5:colcon.colcon_core.verb:set package 'awc_interfaces' build argument 'cmake_clean_cache' from command line to 'False'
[0.544s] Level 5:colcon.colcon_core.verb:set package 'awc_interfaces' build argument 'cmake_clean_first' from command line to 'False'
[0.544s] Level 5:colcon.colcon_core.verb:set package 'awc_interfaces' build argument 'cmake_force_configure' from command line to 'False'
[0.544s] Level 5:colcon.colcon_core.verb:set package 'awc_interfaces' build argument 'ament_cmake_args' from command line to 'None'
[0.544s] Level 5:colcon.colcon_core.verb:set package 'awc_interfaces' build argument 'catkin_cmake_args' from command line to 'None'
[0.544s] Level 5:colcon.colcon_core.verb:set package 'awc_interfaces' build argument 'catkin_skip_building_tests' from command line to 'False'
[0.544s] DEBUG:colcon.colcon_core.verb:Building package 'awc_interfaces' with the following arguments: {'ament_cmake_args': None, 'build_base': '/home/gavin/botani/build/awc_interfaces', 'catkin_cmake_args': None, 'catkin_skip_building_tests': False, 'cmake_args': None, 'cmake_clean_cache': False, 'cmake_clean_first': False, 'cmake_force_configure': False, 'cmake_target': None, 'cmake_target_skip_unavailable': False, 'install_base': '/home/gavin/botani/install/awc_interfaces', 'merge_install': False, 'path': '/home/gavin/botani/src/awc_interfaces', 'symlink_install': False, 'test_result_base': None}
[0.544s] Level 5:colcon.colcon_core.verb:set package 'ros2arduino' build argument 'cmake_args' from command line to 'None'
[0.544s] Level 5:colcon.colcon_core.verb:set package 'ros2arduino' build argument 'cmake_target' from command line to 'None'
[0.544s] Level 5:colcon.colcon_core.verb:set package 'ros2arduino' build argument 'cmake_target_skip_unavailable' from command line to 'False'
[0.544s] Level 5:colcon.colcon_core.verb:set package 'ros2arduino' build argument 'cmake_clean_cache' from command line to 'False'
[0.544s] Level 5:colcon.colcon_core.verb:set package 'ros2arduino' build argument 'cmake_clean_first' from command line to 'False'
[0.544s] Level 5:colcon.colcon_core.verb:set package 'ros2arduino' build argument 'cmake_force_configure' from command line to 'False'
[0.544s] Level 5:colcon.colcon_core.verb:set package 'ros2arduino' build argument 'ament_cmake_args' from command line to 'None'
[0.544s] Level 5:colcon.colcon_core.verb:set package 'ros2arduino' build argument 'catkin_cmake_args' from command line to 'None'
[0.544s] Level 5:colcon.colcon_core.verb:set package 'ros2arduino' build argument 'catkin_skip_building_tests' from command line to 'False'
[0.544s] DEBUG:colcon.colcon_core.verb:Building package 'ros2arduino' with the following arguments: {'ament_cmake_args': None, 'build_base': '/home/gavin/botani/build/ros2arduino', 'catkin_cmake_args': None, 'catkin_skip_building_tests': False, 'cmake_args': None, 'cmake_clean_cache': False, 'cmake_clean_first': False, 'cmake_force_configure': False, 'cmake_target': None, 'cmake_target_skip_unavailable': False, 'install_base': '/home/gavin/botani/install/ros2arduino', 'merge_install': False, 'path': '/home/gavin/botani/src/ros2arduino', 'symlink_install': False, 'test_result_base': None}
[0.545s] Level 5:colcon.colcon_core.verb:set package 'ros2yolo' build argument 'cmake_args' from command line to 'None'
[0.545s] Level 5:colcon.colcon_core.verb:set package 'ros2yolo' build argument 'cmake_target' from command line to 'None'
[0.545s] Level 5:colcon.colcon_core.verb:set package 'ros2yolo' build argument 'cmake_target_skip_unavailable' from command line to 'False'
[0.545s] Level 5:colcon.colcon_core.verb:set package 'ros2yolo' build argument 'cmake_clean_cache' from command line to 'False'
[0.545s] Level 5:colcon.colcon_core.verb:set package 'ros2yolo' build argument 'cmake_clean_first' from command line to 'False'
[0.545s] Level 5:colcon.colcon_core.verb:set package 'ros2yolo' build argument 'cmake_force_configure' from command line to 'False'
[0.545s] Level 5:colcon.colcon_core.verb:set package 'ros2yolo' build argument 'ament_cmake_args' from command line to 'None'
[0.545s] Level 5:colcon.colcon_core.verb:set package 'ros2yolo' build argument 'catkin_cmake_args' from command line to 'None'
[0.545s] Level 5:colcon.colcon_core.verb:set package 'ros2yolo' build argument 'catkin_skip_building_tests' from command line to 'False'
[0.545s] DEBUG:colcon.colcon_core.verb:Building package 'ros2yolo' with the following arguments: {'ament_cmake_args': None, 'build_base': '/home/gavin/botani/build/ros2yolo', 'catkin_cmake_args': None, 'catkin_skip_building_tests': False, 'cmake_args': None, 'cmake_clean_cache': False, 'cmake_clean_first': False, 'cmake_force_configure': False, 'cmake_target': None, 'cmake_target_skip_unavailable': False, 'install_base': '/home/gavin/botani/install/ros2yolo', 'merge_install': False, 'path': '/home/gavin/botani/src/ros2yolo', 'symlink_install': False, 'test_result_base': None}
[0.545s] INFO:colcon.colcon_core.executor:Executing jobs using 'parallel' executor
[0.546s] DEBUG:colcon.colcon_parallel_executor.executor.parallel:run_until_complete
[0.547s] INFO:colcon.colcon_ros.task.ament_cmake.build:Building ROS package in '/home/gavin/botani/src/awc_interfaces' with build type 'ament_cmake'
[0.547s] INFO:colcon.colcon_cmake.task.cmake.build:Building CMake package in '/home/gavin/botani/src/awc_interfaces'
[0.550s] INFO:colcon.colcon_core.plugin_system:Skipping extension 'colcon_core.shell.bat': Not used on non-Windows systems
[0.550s] INFO:colcon.colcon_core.shell:Skip shell extension 'powershell' for command environment: Not usable outside of PowerShell
[0.550s] DEBUG:colcon.colcon_core.shell:Skip shell extension 'dsv' for command environment
[0.565s] INFO:colcon.colcon_ros.task.ament_python.build:Building ROS package in '/home/gavin/botani/src/ros2arduino' with build type 'ament_python'
[0.566s] Level 1:colcon.colcon_core.shell:create_environment_hook('ros2arduino', 'ament_prefix_path')
[0.566s] INFO:colcon.colcon_core.shell:Creating environment hook '/home/gavin/botani/install/ros2arduino/share/ros2arduino/hook/ament_prefix_path.ps1'
[0.567s] INFO:colcon.colcon_core.shell:Creating environment descriptor '/home/gavin/botani/install/ros2arduino/share/ros2arduino/hook/ament_prefix_path.dsv'
[0.567s] INFO:colcon.colcon_core.shell:Creating environment hook '/home/gavin/botani/install/ros2arduino/share/ros2arduino/hook/ament_prefix_path.sh'
[0.568s] INFO:colcon.colcon_core.shell:Skip shell extension 'powershell' for command environment: Not usable outside of PowerShell
[0.568s] DEBUG:colcon.colcon_core.shell:Skip shell extension 'dsv' for command environment
[0.583s] INFO:colcon.colcon_ros.task.ament_python.build:Building ROS package in '/home/gavin/botani/src/ros2yolo' with build type 'ament_python'
[0.583s] Level 1:colcon.colcon_core.shell:create_environment_hook('ros2yolo', 'ament_prefix_path')
[0.584s] INFO:colcon.colcon_core.shell:Creating environment hook '/home/gavin/botani/install/ros2yolo/share/ros2yolo/hook/ament_prefix_path.ps1'
[0.585s] INFO:colcon.colcon_core.shell:Creating environment descriptor '/home/gavin/botani/install/ros2yolo/share/ros2yolo/hook/ament_prefix_path.dsv'
[0.585s] INFO:colcon.colcon_core.shell:Creating environment hook '/home/gavin/botani/install/ros2yolo/share/ros2yolo/hook/ament_prefix_path.sh'
[0.586s] INFO:colcon.colcon_core.shell:Skip shell extension 'powershell' for command environment: Not usable outside of PowerShell
[0.586s] DEBUG:colcon.colcon_core.shell:Skip shell extension 'dsv' for command environment
[0.612s] DEBUG:colcon.colcon_core.event_handler.log_command:Invoking command in '/home/gavin/botani/build/awc_interfaces': CMAKE_PREFIX_PATH=${CMAKE_PREFIX_PATH}:/home/gavin/botani/install/ros2yolo:/home/gavin/botani/install/ros2arduino:/home/gavin/minimec/install/wheeltec_control:/home/gavin/minimec/install/mini_mec_localization:/home/gavin/minimec/src/install/wheeltec_control:/home/gavin/minimec/src/install/mini_mec_localization:/home/gavin/install/ament_uncrustify:/home/gavin/install/tracetools_trace:/home/gavin/install/tracetools_read:/home/gavin/install/rpyutils:/home/gavin/install/rosidl_cli:/home/gavin/install/launch_pytest:/home/gavin/install/launch_testing:/home/gavin/install/launch_yaml:/home/gavin/install/launch_xml:/home/gavin/install/launch:/home/gavin/install/osrf_pycommon:/home/gavin/install/domain_coordinator:/home/gavin/install/ament_xmllint:/home/gavin/install/ament_pyflakes:/home/gavin/install/ament_pycodestyle:/home/gavin/install/ament_pep257:/home/gavin/install/ament_pclint:/home/gavin/install/ament_package:/home/gavin/install/ament_mypy:/home/gavin/install/ament_lint_cmake:/home/gavin/install/ament_flake8:/home/gavin/install/ament_copyright:/home/gavin/install/ament_lint:/home/gavin/install/ament_index_python:/home/gavin/install/ament_cpplint:/home/gavin/install/ament_cppcheck:/home/gavin/install/ament_clang_tidy:/home/gavin/install/ament_clang_format:/opt/ros/humble CONDA_PROMPT_MODIFIER=(base) /usr/bin/cmake --build /home/gavin/botani/build/awc_interfaces -- -j8 -l8
[1.004s] INFO:colcon.colcon_core.task.python.build:Building Python package in '/home/gavin/botani/src/ros2arduino'
[1.004s] INFO:colcon.colcon_core.shell:Skip shell extension 'powershell' for command environment: Not usable outside of PowerShell
[1.005s] DEBUG:colcon.colcon_core.shell:Skip shell extension 'dsv' for command environment
[1.417s] INFO:colcon.colcon_core.task.python.build:Building Python package in '/home/gavin/botani/src/ros2yolo'
[1.418s] INFO:colcon.colcon_core.shell:Skip shell extension 'powershell' for command environment: Not usable outside of PowerShell
[1.418s] DEBUG:colcon.colcon_core.shell:Skip shell extension 'dsv' for command environment
[1.463s] DEBUG:colcon.colcon_core.event_handler.log_command:Invoked command in '/home/gavin/botani/build/awc_interfaces' returned '0': CMAKE_PREFIX_PATH=${CMAKE_PREFIX_PATH}:/home/gavin/botani/install/ros2yolo:/home/gavin/botani/install/ros2arduino:/home/gavin/minimec/install/wheeltec_control:/home/gavin/minimec/install/mini_mec_localization:/home/gavin/minimec/src/install/wheeltec_control:/home/gavin/minimec/src/install/mini_mec_localization:/home/gavin/install/ament_uncrustify:/home/gavin/install/tracetools_trace:/home/gavin/install/tracetools_read:/home/gavin/install/rpyutils:/home/gavin/install/rosidl_cli:/home/gavin/install/launch_pytest:/home/gavin/install/launch_testing:/home/gavin/install/launch_yaml:/home/gavin/install/launch_xml:/home/gavin/install/launch:/home/gavin/install/osrf_pycommon:/home/gavin/install/domain_coordinator:/home/gavin/install/ament_xmllint:/home/gavin/install/ament_pyflakes:/home/gavin/install/ament_pycodestyle:/home/gavin/install/ament_pep257:/home/gavin/install/ament_pclint:/home/gavin/install/ament_package:/home/gavin/install/ament_mypy:/home/gavin/install/ament_lint_cmake:/home/gavin/install/ament_flake8:/home/gavin/install/ament_copyright:/home/gavin/install/ament_lint:/home/gavin/install/ament_index_python:/home/gavin/install/ament_cpplint:/home/gavin/install/ament_cppcheck:/home/gavin/install/ament_clang_tidy:/home/gavin/install/ament_clang_format:/opt/ros/humble CONDA_PROMPT_MODIFIER=(base) /usr/bin/cmake --build /home/gavin/botani/build/awc_interfaces -- -j8 -l8
[1.494s] DEBUG:colcon.colcon_core.event_handler.log_command:Invoking command in '/home/gavin/botani/build/awc_interfaces': CMAKE_PREFIX_PATH=${CMAKE_PREFIX_PATH}:/home/gavin/botani/install/ros2yolo:/home/gavin/botani/install/ros2arduino:/home/gavin/minimec/install/wheeltec_control:/home/gavin/minimec/install/mini_mec_localization:/home/gavin/minimec/src/install/wheeltec_control:/home/gavin/minimec/src/install/mini_mec_localization:/home/gavin/install/ament_uncrustify:/home/gavin/install/tracetools_trace:/home/gavin/install/tracetools_read:/home/gavin/install/rpyutils:/home/gavin/install/rosidl_cli:/home/gavin/install/launch_pytest:/home/gavin/install/launch_testing:/home/gavin/install/launch_yaml:/home/gavin/install/launch_xml:/home/gavin/install/launch:/home/gavin/install/osrf_pycommon:/home/gavin/install/domain_coordinator:/home/gavin/install/ament_xmllint:/home/gavin/install/ament_pyflakes:/home/gavin/install/ament_pycodestyle:/home/gavin/install/ament_pep257:/home/gavin/install/ament_pclint:/home/gavin/install/ament_package:/home/gavin/install/ament_mypy:/home/gavin/install/ament_lint_cmake:/home/gavin/install/ament_flake8:/home/gavin/install/ament_copyright:/home/gavin/install/ament_lint:/home/gavin/install/ament_index_python:/home/gavin/install/ament_cpplint:/home/gavin/install/ament_cppcheck:/home/gavin/install/ament_clang_tidy:/home/gavin/install/ament_clang_format:/opt/ros/humble CONDA_PROMPT_MODIFIER=(base) /usr/bin/cmake --install /home/gavin/botani/build/awc_interfaces
[1.515s] Level 1:colcon.colcon_core.environment:create_environment_scripts_only(awc_interfaces)
[1.516s] DEBUG:colcon.colcon_core.event_handler.log_command:Invoked command in '/home/gavin/botani/build/awc_interfaces' returned '0': CMAKE_PREFIX_PATH=${CMAKE_PREFIX_PATH}:/home/gavin/botani/install/ros2yolo:/home/gavin/botani/install/ros2arduino:/home/gavin/minimec/install/wheeltec_control:/home/gavin/minimec/install/mini_mec_localization:/home/gavin/minimec/src/install/wheeltec_control:/home/gavin/minimec/src/install/mini_mec_localization:/home/gavin/install/ament_uncrustify:/home/gavin/install/tracetools_trace:/home/gavin/install/tracetools_read:/home/gavin/install/rpyutils:/home/gavin/install/rosidl_cli:/home/gavin/install/launch_pytest:/home/gavin/install/launch_testing:/home/gavin/install/launch_yaml:/home/gavin/install/launch_xml:/home/gavin/install/launch:/home/gavin/install/osrf_pycommon:/home/gavin/install/domain_coordinator:/home/gavin/install/ament_xmllint:/home/gavin/install/ament_pyflakes:/home/gavin/install/ament_pycodestyle:/home/gavin/install/ament_pep257:/home/gavin/install/ament_pclint:/home/gavin/install/ament_package:/home/gavin/install/ament_mypy:/home/gavin/install/ament_lint_cmake:/home/gavin/install/ament_flake8:/home/gavin/install/ament_copyright:/home/gavin/install/ament_lint:/home/gavin/install/ament_index_python:/home/gavin/install/ament_cpplint:/home/gavin/install/ament_cppcheck:/home/gavin/install/ament_clang_tidy:/home/gavin/install/ament_clang_format:/opt/ros/humble CONDA_PROMPT_MODIFIER=(base) /usr/bin/cmake --install /home/gavin/botani/build/awc_interfaces
[1.525s] Level 1:colcon.colcon_core.environment:checking '/home/gavin/botani/install/awc_interfaces' for CMake module files
[1.526s] Level 1:colcon.colcon_core.environment:checking '/home/gavin/botani/install/awc_interfaces' for CMake config files
[1.527s] Level 1:colcon.colcon_core.shell:create_environment_hook('awc_interfaces', 'cmake_prefix_path')
[1.528s] INFO:colcon.colcon_core.shell:Creating environment hook '/home/gavin/botani/install/awc_interfaces/share/awc_interfaces/hook/cmake_prefix_path.ps1'
[1.529s] INFO:colcon.colcon_core.shell:Creating environment descriptor '/home/gavin/botani/install/awc_interfaces/share/awc_interfaces/hook/cmake_prefix_path.dsv'
[1.530s] INFO:colcon.colcon_core.shell:Creating environment hook '/home/gavin/botani/install/awc_interfaces/share/awc_interfaces/hook/cmake_prefix_path.sh'
[1.532s] Level 1:colcon.colcon_core.environment:checking '/home/gavin/botani/install/awc_interfaces/bin'
[1.532s] Level 1:colcon.colcon_core.environment:checking '/home/gavin/botani/install/awc_interfaces/lib/pkgconfig/awc_interfaces.pc'
[1.533s] Level 1:colcon.colcon_core.environment:checking '/home/gavin/botani/install/awc_interfaces/lib/python3.10/site-packages'
[1.534s] Level 1:colcon.colcon_core.environment:checking '/home/gavin/botani/install/awc_interfaces/bin'
[1.535s] INFO:colcon.colcon_core.shell:Creating package script '/home/gavin/botani/install/awc_interfaces/share/awc_interfaces/package.ps1'
[1.537s] INFO:colcon.colcon_core.shell:Creating package descriptor '/home/gavin/botani/install/awc_interfaces/share/awc_interfaces/package.dsv'
[1.538s] INFO:colcon.colcon_core.shell:Creating package script '/home/gavin/botani/install/awc_interfaces/share/awc_interfaces/package.sh'
[1.541s] INFO:colcon.colcon_core.shell:Creating package script '/home/gavin/botani/install/awc_interfaces/share/awc_interfaces/package.bash'
[1.544s] INFO:colcon.colcon_core.shell:Creating package script '/home/gavin/botani/install/awc_interfaces/share/awc_interfaces/package.zsh'
[1.546s] Level 1:colcon.colcon_core.environment:create_file_with_runtime_dependencies(/home/gavin/botani/install/awc_interfaces/share/colcon-core/packages/awc_interfaces)
[1.548s] Level 1:colcon.colcon_core.environment:create_environment_scripts_only(awc_interfaces)
[1.548s] Level 1:colcon.colcon_core.environment:checking '/home/gavin/botani/install/awc_interfaces' for CMake module files
[1.550s] Level 1:colcon.colcon_core.environment:checking '/home/gavin/botani/install/awc_interfaces' for CMake config files
[1.550s] Level 1:colcon.colcon_core.shell:create_environment_hook('awc_interfaces', 'cmake_prefix_path')
[1.551s] INFO:colcon.colcon_core.shell:Creating environment hook '/home/gavin/botani/install/awc_interfaces/share/awc_interfaces/hook/cmake_prefix_path.ps1'
[1.551s] INFO:colcon.colcon_core.shell:Creating environment descriptor '/home/gavin/botani/install/awc_interfaces/share/awc_interfaces/hook/cmake_prefix_path.dsv'
[1.552s] INFO:colcon.colcon_core.shell:Creating environment hook '/home/gavin/botani/install/awc_interfaces/share/awc_interfaces/hook/cmake_prefix_path.sh'
[1.553s] Level 1:colcon.colcon_core.environment:checking '/home/gavin/botani/install/awc_interfaces/bin'
[1.553s] Level 1:colcon.colcon_core.environment:checking '/home/gavin/botani/install/awc_interfaces/lib/pkgconfig/awc_interfaces.pc'
[1.553s] Level 1:colcon.colcon_core.environment:checking '/home/gavin/botani/install/awc_interfaces/lib/python3.10/site-packages'
[1.553s] Level 1:colcon.colcon_core.environment:checking '/home/gavin/botani/install/awc_interfaces/bin'
[1.554s] INFO:colcon.colcon_core.shell:Creating package script '/home/gavin/botani/install/awc_interfaces/share/awc_interfaces/package.ps1'
[1.555s] INFO:colcon.colcon_core.shell:Creating package descriptor '/home/gavin/botani/install/awc_interfaces/share/awc_interfaces/package.dsv'
[1.555s] INFO:colcon.colcon_core.shell:Creating package script '/home/gavin/botani/install/awc_interfaces/share/awc_interfaces/package.sh'
[1.556s] INFO:colcon.colcon_core.shell:Creating package script '/home/gavin/botani/install/awc_interfaces/share/awc_interfaces/package.bash'
[1.557s] INFO:colcon.colcon_core.shell:Creating package script '/home/gavin/botani/install/awc_interfaces/share/awc_interfaces/package.zsh'
[1.557s] Level 1:colcon.colcon_core.environment:create_file_with_runtime_dependencies(/home/gavin/botani/install/awc_interfaces/share/colcon-core/packages/awc_interfaces)
[2.082s] DEBUG:colcon.colcon_core.event_handler.log_command:Invoking command in '/home/gavin/botani/src/ros2yolo': CONDA_PROMPT_MODIFIER=(base) PYTHONPATH=/home/gavin/botani/build/ros2yolo/prefix_override:/usr/lib/python3/dist-packages/colcon_core/task/python/colcon_distutils_commands:/home/gavin/botani/install/ros2yolo/lib/python3.10/site-packages:${PYTHONPATH} /usr/bin/python3 -W ignore:setup.py install is deprecated -W ignore:easy_install command is deprecated setup.py egg_info --egg-base ../../build/ros2yolo build --build-base /home/gavin/botani/build/ros2yolo/build install --record /home/gavin/botani/build/ros2yolo/install.log --single-version-externally-managed install_data
[2.096s] DEBUG:colcon.colcon_core.event_handler.log_command:Invoking command in '/home/gavin/botani/src/ros2arduino': CONDA_PROMPT_MODIFIER=(base) PYTHONPATH=/home/gavin/botani/build/ros2arduino/prefix_override:/usr/lib/python3/dist-packages/colcon_core/task/python/colcon_distutils_commands:/home/gavin/botani/install/ros2arduino/lib/python3.10/site-packages:${PYTHONPATH} /usr/bin/python3 -W ignore:setup.py install is deprecated -W ignore:easy_install command is deprecated setup.py egg_info --egg-base ../../build/ros2arduino build --build-base /home/gavin/botani/build/ros2arduino/build install --record /home/gavin/botani/build/ros2arduino/install.log --single-version-externally-managed install_data
[2.555s] Level 1:colcon.colcon_core.environment:checking '/home/gavin/botani/install/ros2arduino' for CMake module files
[2.557s] DEBUG:colcon.colcon_core.event_handler.log_command:Invoked command in '/home/gavin/botani/src/ros2arduino' returned '0': CONDA_PROMPT_MODIFIER=(base) PYTHONPATH=/home/gavin/botani/build/ros2arduino/prefix_override:/usr/lib/python3/dist-packages/colcon_core/task/python/colcon_distutils_commands:/home/gavin/botani/install/ros2arduino/lib/python3.10/site-packages:${PYTHONPATH} /usr/bin/python3 -W ignore:setup.py install is deprecated -W ignore:easy_install command is deprecated setup.py egg_info --egg-base ../../build/ros2arduino build --build-base /home/gavin/botani/build/ros2arduino/build install --record /home/gavin/botani/build/ros2arduino/install.log --single-version-externally-managed install_data
[2.557s] Level 1:colcon.colcon_core.environment:checking '/home/gavin/botani/install/ros2arduino' for CMake config files
[2.558s] Level 1:colcon.colcon_core.environment:checking '/home/gavin/botani/install/ros2arduino/lib'
[2.559s] Level 1:colcon.colcon_core.environment:checking '/home/gavin/botani/install/ros2arduino/bin'
[2.559s] Level 1:colcon.colcon_core.environment:checking '/home/gavin/botani/install/ros2arduino/lib/pkgconfig/ros2arduino.pc'
[2.559s] Level 1:colcon.colcon_core.environment:checking '/home/gavin/botani/install/ros2arduino/lib/python3.10/site-packages'
[2.560s] Level 1:colcon.colcon_core.shell:create_environment_hook('ros2arduino', 'pythonpath')
[2.560s] INFO:colcon.colcon_core.shell:Creating environment hook '/home/gavin/botani/install/ros2arduino/share/ros2arduino/hook/pythonpath.ps1'
[2.561s] INFO:colcon.colcon_core.shell:Creating environment descriptor '/home/gavin/botani/install/ros2arduino/share/ros2arduino/hook/pythonpath.dsv'
[2.562s] INFO:colcon.colcon_core.shell:Creating environment hook '/home/gavin/botani/install/ros2arduino/share/ros2arduino/hook/pythonpath.sh'
[2.564s] Level 1:colcon.colcon_core.environment:checking '/home/gavin/botani/install/ros2arduino/bin'
[2.564s] Level 1:colcon.colcon_core.environment:create_environment_scripts_only(ros2arduino)
[2.564s] INFO:colcon.colcon_core.shell:Creating package script '/home/gavin/botani/install/ros2arduino/share/ros2arduino/package.ps1'
[2.566s] INFO:colcon.colcon_core.shell:Creating package descriptor '/home/gavin/botani/install/ros2arduino/share/ros2arduino/package.dsv'
[2.567s] INFO:colcon.colcon_core.shell:Creating package script '/home/gavin/botani/install/ros2arduino/share/ros2arduino/package.sh'
[2.569s] INFO:colcon.colcon_core.shell:Creating package script '/home/gavin/botani/install/ros2arduino/share/ros2arduino/package.bash'
[2.569s] INFO:colcon.colcon_core.shell:Creating package script '/home/gavin/botani/install/ros2arduino/share/ros2arduino/package.zsh'
[2.570s] Level 1:colcon.colcon_core.environment:create_file_with_runtime_dependencies(/home/gavin/botani/install/ros2arduino/share/colcon-core/packages/ros2arduino)
[2.578s] Level 1:colcon.colcon_core.environment:checking '/home/gavin/botani/install/ros2yolo' for CMake module files
[2.580s] DEBUG:colcon.colcon_core.event_handler.log_command:Invoked command in '/home/gavin/botani/src/ros2yolo' returned '0': CONDA_PROMPT_MODIFIER=(base) PYTHONPATH=/home/gavin/botani/build/ros2yolo/prefix_override:/usr/lib/python3/dist-packages/colcon_core/task/python/colcon_distutils_commands:/home/gavin/botani/install/ros2yolo/lib/python3.10/site-packages:${PYTHONPATH} /usr/bin/python3 -W ignore:setup.py install is deprecated -W ignore:easy_install command is deprecated setup.py egg_info --egg-base ../../build/ros2yolo build --build-base /home/gavin/botani/build/ros2yolo/build install --record /home/gavin/botani/build/ros2yolo/install.log --single-version-externally-managed install_data
[2.580s] Level 1:colcon.colcon_core.environment:checking '/home/gavin/botani/install/ros2yolo' for CMake config files
[2.581s] Level 1:colcon.colcon_core.environment:checking '/home/gavin/botani/install/ros2yolo/lib'
[2.581s] Level 1:colcon.colcon_core.environment:checking '/home/gavin/botani/install/ros2yolo/bin'
[2.581s] Level 1:colcon.colcon_core.environment:checking '/home/gavin/botani/install/ros2yolo/lib/pkgconfig/ros2yolo.pc'
[2.581s] Level 1:colcon.colcon_core.environment:checking '/home/gavin/botani/install/ros2yolo/lib/python3.10/site-packages'
[2.581s] Level 1:colcon.colcon_core.shell:create_environment_hook('ros2yolo', 'pythonpath')
[2.581s] INFO:colcon.colcon_core.shell:Creating environment hook '/home/gavin/botani/install/ros2yolo/share/ros2yolo/hook/pythonpath.ps1'
[2.582s] INFO:colcon.colcon_core.shell:Creating environment descriptor '/home/gavin/botani/install/ros2yolo/share/ros2yolo/hook/pythonpath.dsv'
[2.582s] INFO:colcon.colcon_core.shell:Creating environment hook '/home/gavin/botani/install/ros2yolo/share/ros2yolo/hook/pythonpath.sh'
[2.583s] Level 1:colcon.colcon_core.environment:checking '/home/gavin/botani/install/ros2yolo/bin'
[2.583s] Level 1:colcon.colcon_core.environment:create_environment_scripts_only(ros2yolo)
[2.583s] INFO:colcon.colcon_core.shell:Creating package script '/home/gavin/botani/install/ros2yolo/share/ros2yolo/package.ps1'
[2.584s] INFO:colcon.colcon_core.shell:Creating package descriptor '/home/gavin/botani/install/ros2yolo/share/ros2yolo/package.dsv'
[2.585s] INFO:colcon.colcon_core.shell:Creating package script '/home/gavin/botani/install/ros2yolo/share/ros2yolo/package.sh'
[2.585s] INFO:colcon.colcon_core.shell:Creating package script '/home/gavin/botani/install/ros2yolo/share/ros2yolo/package.bash'
[2.586s] INFO:colcon.colcon_core.shell:Creating package script '/home/gavin/botani/install/ros2yolo/share/ros2yolo/package.zsh'
[2.586s] Level 1:colcon.colcon_core.environment:create_file_with_runtime_dependencies(/home/gavin/botani/install/ros2yolo/share/colcon-core/packages/ros2yolo)
[2.586s] DEBUG:colcon.colcon_parallel_executor.executor.parallel:closing loop
[2.587s] DEBUG:colcon.colcon_parallel_executor.executor.parallel:loop closed
[2.587s] DEBUG:colcon.colcon_parallel_executor.executor.parallel:run_until_complete finished with '0'
[2.587s] DEBUG:colcon.colcon_core.event_reactor:joining thread
[2.606s] INFO:colcon.colcon_core.plugin_system:Skipping extension 'colcon_notification.desktop_notification.terminal_notifier': Not used on non-Darwin systems
[2.606s] INFO:colcon.colcon_core.plugin_system:Skipping extension 'colcon_notification.desktop_notification.win32': Not used on non-Windows systems
[2.606s] INFO:colcon.colcon_notification.desktop_notification:Sending desktop notification using 'notify2'
[2.631s] DEBUG:colcon.colcon_core.event_reactor:joined thread
[2.632s] INFO:colcon.colcon_core.shell:Creating prefix script '/home/gavin/botani/install/local_setup.ps1'
[2.634s] INFO:colcon.colcon_core.shell:Creating prefix util module '/home/gavin/botani/install/_local_setup_util_ps1.py'
[2.639s] INFO:colcon.colcon_core.shell:Creating prefix chain script '/home/gavin/botani/install/setup.ps1'
[2.659s] INFO:colcon.colcon_core.shell:Creating prefix script '/home/gavin/botani/install/local_setup.sh'
[2.661s] INFO:colcon.colcon_core.shell:Creating prefix util module '/home/gavin/botani/install/_local_setup_util_sh.py'
[2.662s] INFO:colcon.colcon_core.shell:Creating prefix chain script '/home/gavin/botani/install/setup.sh'
[2.678s] INFO:colcon.colcon_core.shell:Creating prefix script '/home/gavin/botani/install/local_setup.bash'
[2.679s] INFO:colcon.colcon_core.shell:Creating prefix chain script '/home/gavin/botani/install/setup.bash'
[2.687s] INFO:colcon.colcon_core.shell:Creating prefix script '/home/gavin/botani/install/local_setup.zsh'
[2.688s] INFO:colcon.colcon_core.shell:Creating prefix chain script '/home/gavin/botani/install/setup.zsh'
