[1.651s] Invoking command in '/home/gavin/botani/src/ros2yolo': CONDA_PROMPT_MODIFIER=(base) PYTHONPATH=/home/gavin/botani/build/ros2yolo/prefix_override:/usr/lib/python3/dist-packages/colcon_core/task/python/colcon_distutils_commands:/home/gavin/botani/install/ros2yolo/lib/python3.10/site-packages:${PYTHONPATH} /usr/bin/python3 -W ignore:setup.py install is deprecated -W ignore:easy_install command is deprecated setup.py egg_info --egg-base ../../build/ros2yolo build --build-base /home/gavin/botani/build/ros2yolo/build install --record /home/gavin/botani/build/ros2yolo/install.log --single-version-externally-managed install_data
[2.073s] running egg_info
[2.073s] creating ../../build/ros2yolo/ros2yolo.egg-info
[2.074s] writing ../../build/ros2yolo/ros2yolo.egg-info/PKG-INFO
[2.074s] writing dependency_links to ../../build/ros2yolo/ros2yolo.egg-info/dependency_links.txt
[2.074s] writing entry points to ../../build/ros2yolo/ros2yolo.egg-info/entry_points.txt
[2.075s] writing requirements to ../../build/ros2yolo/ros2yolo.egg-info/requires.txt
[2.075s] writing top-level names to ../../build/ros2yolo/ros2yolo.egg-info/top_level.txt
[2.075s] writing manifest file '../../build/ros2yolo/ros2yolo.egg-info/SOURCES.txt'
[2.078s] reading manifest file '../../build/ros2yolo/ros2yolo.egg-info/SOURCES.txt'
[2.078s] writing manifest file '../../build/ros2yolo/ros2yolo.egg-info/SOURCES.txt'
[2.079s] running build
[2.079s] running build_py
[2.079s] creating /home/gavin/botani/build/ros2yolo/build
[2.079s] creating /home/gavin/botani/build/ros2yolo/build/lib
[2.079s] creating /home/gavin/botani/build/ros2yolo/build/lib/ros2yolo
[2.079s] copying ros2yolo/ros2yolo.py -> /home/gavin/botani/build/ros2yolo/build/lib/ros2yolo
[2.079s] copying ros2yolo/__init__.py -> /home/gavin/botani/build/ros2yolo/build/lib/ros2yolo
[2.080s] copying ros2yolo/prompt.txt -> /home/gavin/botani/build/ros2yolo/build/lib/ros2yolo
[2.080s] running install
[2.080s] running install_lib
[2.081s] creating /home/gavin/botani/install/ros2yolo/lib/python3.10/site-packages/ros2yolo
[2.082s] copying /home/gavin/botani/build/ros2yolo/build/lib/ros2yolo/ros2yolo.py -> /home/gavin/botani/install/ros2yolo/lib/python3.10/site-packages/ros2yolo
[2.082s] copying /home/gavin/botani/build/ros2yolo/build/lib/ros2yolo/prompt.txt -> /home/gavin/botani/install/ros2yolo/lib/python3.10/site-packages/ros2yolo
[2.082s] copying /home/gavin/botani/build/ros2yolo/build/lib/ros2yolo/__init__.py -> /home/gavin/botani/install/ros2yolo/lib/python3.10/site-packages/ros2yolo
[2.083s] byte-compiling /home/gavin/botani/install/ros2yolo/lib/python3.10/site-packages/ros2yolo/ros2yolo.py to ros2yolo.cpython-310.pyc
[2.084s] byte-compiling /home/gavin/botani/install/ros2yolo/lib/python3.10/site-packages/ros2yolo/__init__.py to __init__.cpython-310.pyc
[2.084s] running install_data
[2.084s] creating /home/gavin/botani/install/ros2yolo/share/ament_index
[2.084s] creating /home/gavin/botani/install/ros2yolo/share/ament_index/resource_index
[2.084s] creating /home/gavin/botani/install/ros2yolo/share/ament_index/resource_index/packages
[2.085s] copying resource/ros2yolo -> /home/gavin/botani/install/ros2yolo/share/ament_index/resource_index/packages
[2.085s] copying package.xml -> /home/gavin/botani/install/ros2yolo/share/ros2yolo
[2.085s] running install_egg_info
[2.087s] Copying ../../build/ros2yolo/ros2yolo.egg-info to /home/gavin/botani/install/ros2yolo/lib/python3.10/site-packages/ros2yolo-0.0.0-py3.10.egg-info
[2.088s] running install_scripts
[2.119s] Installing ros2yolo script to /home/gavin/botani/install/ros2yolo/lib/ros2yolo
[2.120s] writing list of installed files to '/home/gavin/botani/build/ros2yolo/install.log'
[2.172s] Invoked command in '/home/gavin/botani/src/ros2yolo' returned '0': CONDA_PROMPT_MODIFIER=(base) PYTHONPATH=/home/gavin/botani/build/ros2yolo/prefix_override:/usr/lib/python3/dist-packages/colcon_core/task/python/colcon_distutils_commands:/home/gavin/botani/install/ros2yolo/lib/python3.10/site-packages:${PYTHONPATH} /usr/bin/python3 -W ignore:setup.py install is deprecated -W ignore:easy_install command is deprecated setup.py egg_info --egg-base ../../build/ros2yolo build --build-base /home/gavin/botani/build/ros2yolo/build install --record /home/gavin/botani/build/ros2yolo/install.log --single-version-externally-managed install_data
