[1.700s] Invoking command in '/home/gavin/botani/src/ros2yolo': CONDA_PROMPT_MODIFIER=(base) PYTHONPATH=/home/gavin/botani/build/ros2yolo/prefix_override:/usr/lib/python3/dist-packages/colcon_core/task/python/colcon_distutils_commands:/home/gavin/botani/install/ros2yolo/lib/python3.10/site-packages:${PYTHONPATH} /usr/bin/python3 -W ignore:setup.py install is deprecated -W ignore:easy_install command is deprecated setup.py egg_info --egg-base ../../build/ros2yolo build --build-base /home/gavin/botani/build/ros2yolo/build install --record /home/gavin/botani/build/ros2yolo/install.log --single-version-externally-managed install_data
[2.085s] running egg_info
[2.086s] writing ../../build/ros2yolo/ros2yolo.egg-info/PKG-INFO
[2.086s] writing dependency_links to ../../build/ros2yolo/ros2yolo.egg-info/dependency_links.txt
[2.086s] writing entry points to ../../build/ros2yolo/ros2yolo.egg-info/entry_points.txt
[2.086s] writing requirements to ../../build/ros2yolo/ros2yolo.egg-info/requires.txt
[2.087s] writing top-level names to ../../build/ros2yolo/ros2yolo.egg-info/top_level.txt
[2.089s] reading manifest file '../../build/ros2yolo/ros2yolo.egg-info/SOURCES.txt'
[2.090s] writing manifest file '../../build/ros2yolo/ros2yolo.egg-info/SOURCES.txt'
[2.091s] running build
[2.091s] running build_py
[2.091s] copying ros2yolo/ros2yolo.py -> /home/gavin/botani/build/ros2yolo/build/lib/ros2yolo
[2.091s] running install
[2.092s] running install_lib
[2.093s] copying /home/gavin/botani/build/ros2yolo/build/lib/ros2yolo/ros2yolo.py -> /home/gavin/botani/install/ros2yolo/lib/python3.10/site-packages/ros2yolo
[2.095s] byte-compiling /home/gavin/botani/install/ros2yolo/lib/python3.10/site-packages/ros2yolo/ros2yolo.py to ros2yolo.cpython-310.pyc
[2.096s] running install_data
[2.097s] running install_egg_info
[2.100s] removing '/home/gavin/botani/install/ros2yolo/lib/python3.10/site-packages/ros2yolo-0.0.0-py3.10.egg-info' (and everything under it)
[2.101s] Copying ../../build/ros2yolo/ros2yolo.egg-info to /home/gavin/botani/install/ros2yolo/lib/python3.10/site-packages/ros2yolo-0.0.0-py3.10.egg-info
[2.102s] running install_scripts
[2.134s] Installing ros2yolo script to /home/gavin/botani/install/ros2yolo/lib/ros2yolo
[2.134s] writing list of installed files to '/home/gavin/botani/build/ros2yolo/install.log'
[2.199s] Invoked command in '/home/gavin/botani/src/ros2yolo' returned '0': CONDA_PROMPT_MODIFIER=(base) PYTHONPATH=/home/gavin/botani/build/ros2yolo/prefix_override:/usr/lib/python3/dist-packages/colcon_core/task/python/colcon_distutils_commands:/home/gavin/botani/install/ros2yolo/lib/python3.10/site-packages:${PYTHONPATH} /usr/bin/python3 -W ignore:setup.py install is deprecated -W ignore:easy_install command is deprecated setup.py egg_info --egg-base ../../build/ros2yolo build --build-base /home/gavin/botani/build/ros2yolo/build install --record /home/gavin/botani/build/ros2yolo/install.log --single-version-externally-managed install_data
