-- The C compiler identification is GNU 11.4.0
-- The CXX compiler identification is GNU 11.4.0
-- Detecting C compiler ABI info
-- Detecting C compiler ABI info - done
-- Check for working C compiler: /usr/bin/cc - skipped
-- Detecting C compile features
-- Detecting C compile features - done
-- Detecting CXX compiler ABI info
-- Detecting CXX compiler ABI info - done
-- Check for working CXX compiler: /usr/bin/c++ - skipped
-- Detecting CXX compile features
-- Detecting CXX compile features - done
-- Found ament_cmake: 1.3.10 (/home/gavin/install/ament_cmake/share/ament_cmake/cmake)
-- Found Python3: /home/gavin/miniconda3/bin/python3 (found version "3.12.8") found components: Interpreter 
-- Found ament_lint_auto: 0.12.11 (/home/gavin/install/ament_lint_auto/share/ament_lint_auto/cmake)
-- Added test 'lint_cmake' to check CMake code style
-- Added test 'xmllint' to check XML markup files
-- Configuring done
-- Generating done
-- Build files have been written to: /home/gavin/botani/build/awc_interfaces
-- Install configuration: ""
-- Installing: /home/gavin/botani/install/awc_interfaces/share/ament_index/resource_index/package_run_dependencies/awc_interfaces
-- Installing: /home/gavin/botani/install/awc_interfaces/share/ament_index/resource_index/parent_prefix_path/awc_interfaces
-- Installing: /home/gavin/botani/install/awc_interfaces/share/awc_interfaces/environment/ament_prefix_path.sh
-- Installing: /home/gavin/botani/install/awc_interfaces/share/awc_interfaces/environment/ament_prefix_path.dsv
-- Installing: /home/gavin/botani/install/awc_interfaces/share/awc_interfaces/environment/path.sh
-- Installing: /home/gavin/botani/install/awc_interfaces/share/awc_interfaces/environment/path.dsv
-- Installing: /home/gavin/botani/install/awc_interfaces/share/awc_interfaces/local_setup.bash
-- Installing: /home/gavin/botani/install/awc_interfaces/share/awc_interfaces/local_setup.sh
-- Installing: /home/gavin/botani/install/awc_interfaces/share/awc_interfaces/local_setup.zsh
-- Installing: /home/gavin/botani/install/awc_interfaces/share/awc_interfaces/local_setup.dsv
-- Installing: /home/gavin/botani/install/awc_interfaces/share/awc_interfaces/package.dsv
-- Installing: /home/gavin/botani/install/awc_interfaces/share/ament_index/resource_index/packages/awc_interfaces
-- Installing: /home/gavin/botani/install/awc_interfaces/share/awc_interfaces/cmake/awc_interfacesConfig.cmake
-- Installing: /home/gavin/botani/install/awc_interfaces/share/awc_interfaces/cmake/awc_interfacesConfig-version.cmake
-- Installing: /home/gavin/botani/install/awc_interfaces/share/awc_interfaces/package.xml
