[1.511s] Invoking command in '/home/gavin/botani/src/ros2arduino': CONDA_PROMPT_MODIFIER=(base) PYTHONPATH=/home/gavin/botani/build/ros2arduino/prefix_override:/usr/lib/python3/dist-packages/colcon_core/task/python/colcon_distutils_commands:/home/gavin/botani/install/ros2arduino/lib/python3.10/site-packages:${PYTHONPATH} /usr/bin/python3 -W ignore:setup.py install is deprecated -W ignore:easy_install command is deprecated setup.py egg_info --egg-base ../../build/ros2arduino build --build-base /home/gavin/botani/build/ros2arduino/build install --record /home/gavin/botani/build/ros2arduino/install.log --single-version-externally-managed install_data
[1.889s] running egg_info
[1.890s] writing ../../build/ros2arduino/ros2arduino.egg-info/PKG-INFO
[1.891s] writing dependency_links to ../../build/ros2arduino/ros2arduino.egg-info/dependency_links.txt
[1.891s] writing entry points to ../../build/ros2arduino/ros2arduino.egg-info/entry_points.txt
[1.891s] writing requirements to ../../build/ros2arduino/ros2arduino.egg-info/requires.txt
[1.892s] writing top-level names to ../../build/ros2arduino/ros2arduino.egg-info/top_level.txt
[1.894s] reading manifest file '../../build/ros2arduino/ros2arduino.egg-info/SOURCES.txt'
[1.895s] writing manifest file '../../build/ros2arduino/ros2arduino.egg-info/SOURCES.txt'
[1.896s] running build
[1.896s] running build_py
[1.896s] running install
[1.897s] running install_lib
[1.899s] running install_data
[1.899s] running install_egg_info
[1.902s] removing '/home/gavin/botani/install/ros2arduino/lib/python3.10/site-packages/ros2arduino-0.0.0-py3.10.egg-info' (and everything under it)
[1.902s] Copying ../../build/ros2arduino/ros2arduino.egg-info to /home/gavin/botani/install/ros2arduino/lib/python3.10/site-packages/ros2arduino-0.0.0-py3.10.egg-info
[1.903s] running install_scripts
[1.933s] writing list of installed files to '/home/gavin/botani/build/ros2arduino/install.log'
[1.975s] Invoked command in '/home/gavin/botani/src/ros2arduino' returned '0': CONDA_PROMPT_MODIFIER=(base) PYTHONPATH=/home/gavin/botani/build/ros2arduino/prefix_override:/usr/lib/python3/dist-packages/colcon_core/task/python/colcon_distutils_commands:/home/gavin/botani/install/ros2arduino/lib/python3.10/site-packages:${PYTHONPATH} /usr/bin/python3 -W ignore:setup.py install is deprecated -W ignore:easy_install command is deprecated setup.py egg_info --egg-base ../../build/ros2arduino build --build-base /home/gavin/botani/build/ros2arduino/build install --record /home/gavin/botani/build/ros2arduino/install.log --single-version-externally-managed install_data
